<?xml version="1.0" encoding="UTF-8"?>
<!-- Generated by org.testng.reporters.JUnitReportReporter -->
<testsuite skipped="0" hostname="AlokRanjan-VAIO" name="com.acttitime.Timetrack.Demo" tests="1" failures="0" timestamp="2020-08-06T16:57:56 IST" time="0.043" errors="0">
  <testcase name="run" time="0.043" classname="com.acttitime.Timetrack.Demo"/>
  <system-out>
sucessful run  </system-out>
</testsuite> <!-- com.acttitime.Timetrack.Demo -->
